Loading rhel8/default-amp
  Loading requirement: rhel8/slurm singularity/current rhel8/global cuda/11.4
    libpciaccess/0.16/gcc-9.4.0-6fonbj6 libiconv/1.16/gcc-9.4.0-ahebbov
    libxml2/2.9.12/gcc-9.4.0-gnknt5e ncurses/6.2/gcc-9.4.0-aiirok7
    hwloc/2.5.0/gcc-9.4.0-7sqomga libevent/2.1.12/gcc-9.4.0-hgny7cm
    numactl/2.0.14/gcc-9.4.0-52dwc6n cuda/11.4.0/gcc-9.4.0-3hnxhjt
    gdrcopy/2.2/gcc-9.4.0-e4igtfp knem/1.1.4/gcc-9.4.0-bpbxgva
    libnl/3.3.0/gcc-9.4.0-whwhrwb rdma-core/34.0/gcc-9.4.0-5eo5n2u
    ucx/1.11.1/gcc-9.4.0-lktqyl4 openmpi/4.1.1/gcc-9.4.0-epagguv
/var/spool/slurm/slurmd/job11370441/slurm_script: line 65: conda: command not found
Changed directory to /rds/user/ana42/hpc-work/sae_entities.

JobID: 11370441
======
Time: Sun Jun 22 19:46:37 BST 2025
Running on master node: gpu-q-37
Current directory: /rds/user/ana42/hpc-work/sae_entities

Nodes allocated:
================
gpu-q-37

numtasks=1, numnodes=1, mpi_tasks_per_node=1 (OMP_NUM_THREADS=1)

Executing command:
==================
python -u mech_interp/feature_analysis.py  > logs/out.11370441

Fetching 3 files:   0%|          | 0/3 [00:00<?, ?it/s]Fetching 3 files:  33%|███▎      | 1/3 [02:02<04:04, 122.49s/it]Fetching 3 files: 100%|██████████| 3/3 [02:02<00:00, 40.83s/it] 
Loading checkpoint shards:   0%|          | 0/3 [00:00<?, ?it/s]Loading checkpoint shards:  33%|███▎      | 1/3 [00:44<01:29, 44.71s/it]Loading checkpoint shards:  67%|██████▋   | 2/3 [01:28<00:44, 44.18s/it]Loading checkpoint shards: 100%|██████████| 3/3 [01:32<00:00, 25.96s/it]Loading checkpoint shards: 100%|██████████| 3/3 [01:32<00:00, 30.94s/it]
  0%|          | 0/625 [00:00<?, ?it/s] 10%|▉         | 62/625 [00:00<00:00, 615.38it/s] 20%|██        | 127/625 [00:00<00:00, 634.31it/s] 31%|███       | 192/625 [00:00<00:00, 640.00it/s] 41%|████      | 257/625 [00:00<00:00, 643.42it/s] 52%|█████▏    | 322/625 [00:00<00:00, 642.89it/s] 62%|██████▏   | 387/625 [00:00<00:00, 644.45it/s] 72%|███████▏  | 452/625 [00:00<00:00, 644.98it/s] 83%|████████▎ | 517/625 [00:00<00:00, 644.97it/s] 93%|█████████▎| 582/625 [00:00<00:00, 645.20it/s]100%|██████████| 625/625 [00:00<00:00, 642.72it/s]
