Loading rhel8/default-amp
  Loading requirement: rhel8/slurm singularity/current rhel8/global cuda/11.4
    libpciaccess/0.16/gcc-9.4.0-6fonbj6 libiconv/1.16/gcc-9.4.0-ahebbov
    libxml2/2.9.12/gcc-9.4.0-gnknt5e ncurses/6.2/gcc-9.4.0-aiirok7
    hwloc/2.5.0/gcc-9.4.0-7sqomga libevent/2.1.12/gcc-9.4.0-hgny7cm
    numactl/2.0.14/gcc-9.4.0-52dwc6n cuda/11.4.0/gcc-9.4.0-3hnxhjt
    gdrcopy/2.2/gcc-9.4.0-e4igtfp knem/1.1.4/gcc-9.4.0-bpbxgva
    libnl/3.3.0/gcc-9.4.0-whwhrwb rdma-core/34.0/gcc-9.4.0-5eo5n2u
    ucx/1.11.1/gcc-9.4.0-lktqyl4 openmpi/4.1.1/gcc-9.4.0-epagguv
/var/spool/slurm/slurmd/job9704919/slurm_script: line 65: conda: command not found
Changed directory to /rds/user/ana42/hpc-work/sae_entities.

JobID: 9704919
======
Time: Wed May 21 22:26:17 BST 2025
Running on master node: gpu-q-13
Current directory: /rds/user/ana42/hpc-work/sae_entities

Nodes allocated:
================
gpu-q-13

numtasks=1, numnodes=1, mpi_tasks_per_node=1 (OMP_NUM_THREADS=1)

Executing command:
==================
python -u test_gemma_2_2b.py  > logs/out.9704919

Loading checkpoint shards:   0%|          | 0/3 [00:00<?, ?it/s]Loading checkpoint shards:  33%|███▎      | 1/3 [00:56<01:52, 56.15s/it]Loading checkpoint shards:  67%|██████▋   | 2/3 [01:41<00:49, 49.60s/it]Loading checkpoint shards: 100%|██████████| 3/3 [01:45<00:00, 28.95s/it]Loading checkpoint shards: 100%|██████████| 3/3 [01:45<00:00, 35.18s/it]
/rds/user/ana42/hpc-work/sae_entities/.venv/lib64/python3.11/site-packages/transformers/generation/configuration_utils.py:567: UserWarning: `do_sample` is set to `False`. However, `temperature` is set to `0` -- this flag is only used in sample-based generation modes. You should set `do_sample=True` or unset `temperature`.
  warnings.warn(
/rds/user/ana42/hpc-work/sae_entities/.venv/lib64/python3.11/site-packages/transformers/generation/configuration_utils.py:567: UserWarning: `do_sample` is set to `False`. However, `temperature` is set to `0` -- this flag is only used in sample-based generation modes. You should set `do_sample=True` or unset `temperature`.
  warnings.warn(
